\\storage10.student.bth.se\students\20132\caso13\visual studio 2015\projects\rasterization-master\debug\vc140.pdb
\\storage10.student.bth.se\students\20132\caso13\visual studio 2015\projects\rasterization-master\debug\vc140.idb
\\storage10.student.bth.se\students\20132\caso13\visual studio 2015\projects\rasterization-master\debug\main.obj
\\storage10.student.bth.se\students\20132\caso13\visual studio 2015\projects\rasterization-master\debug\fragment.cso
\\storage10.student.bth.se\students\20132\caso13\visual studio 2015\projects\rasterization-master\debug\geometryshader.cso
\\storage10.student.bth.se\students\20132\caso13\visual studio 2015\projects\rasterization-master\debug\vertex.cso
\\storage10.student.bth.se\students\20132\caso13\visual studio 2015\projects\rasterization-master\debug\rasteraztion.ilk
\\storage10.student.bth.se\students\20132\caso13\visual studio 2015\projects\rasterization-master\debug\rasteraztion.exe
\\storage10.student.bth.se\students\20132\caso13\visual studio 2015\projects\rasterization-master\debug\rasteraztion.pdb
\\storage10.student.bth.se\students\20132\caso13\visual studio 2015\projects\rasterization-master\debug\basicwindow.ilk
\\storage10.student.bth.se\students\20132\caso13\visual studio 2015\projects\rasterization-master\debug\basicwindow.pdb
\\storage10.student.bth.se\students\20132\caso13\visual studio 2015\projects\rasterization-master\debug\rasteraztion.tlog\cl.command.1.tlog
\\storage10.student.bth.se\students\20132\caso13\visual studio 2015\projects\rasterization-master\debug\rasteraztion.tlog\cl.read.1.tlog
\\storage10.student.bth.se\students\20132\caso13\visual studio 2015\projects\rasterization-master\debug\rasteraztion.tlog\cl.write.1.tlog
\\storage10.student.bth.se\students\20132\caso13\visual studio 2015\projects\rasterization-master\debug\rasteraztion.tlog\fxc.command.1.tlog
\\storage10.student.bth.se\students\20132\caso13\visual studio 2015\projects\rasterization-master\debug\rasteraztion.tlog\rasteraztion.write.1u.tlog
\\storage10.student.bth.se\students\20132\caso13\visual studio 2015\projects\rasterization-master\debug\rasteraztion.tlog\fxc.read.1.tlog
\\storage10.student.bth.se\students\20132\caso13\visual studio 2015\projects\rasterization-master\debug\rasteraztion.tlog\fxc.write.1.tlog
\\storage10.student.bth.se\students\20132\caso13\visual studio 2015\projects\rasterization-master\debug\rasteraztion.tlog\link.command.1.tlog
\\storage10.student.bth.se\students\20132\caso13\visual studio 2015\projects\rasterization-master\debug\rasteraztion.tlog\link.read.1.tlog
\\storage10.student.bth.se\students\20132\caso13\visual studio 2015\projects\rasterization-master\debug\rasteraztion.tlog\link.write.1.tlog
